<?xml version="1.0" encoding="UTF-8"?>
<testsuite name="com.mindex.challenge.service.impl.CompensationServiceImplTest" tests="1" skipped="0" failures="0" errors="0" timestamp="2023-05-01T01:39:24" hostname="DESKTOP-QC3JVOS" time="0.258">
  <properties/>
  <testcase name="testCreateRead" classname="com.mindex.challenge.service.impl.CompensationServiceImplTest" time="0.258"/>
  <system-out><![CDATA[2023-04-30 21:39:23.543  INFO 29432 --- [    Test worker] .b.t.c.SpringBootTestContextBootstrapper : Neither @ContextConfiguration nor @ContextHierarchy found for test class [com.mindex.challenge.service.impl.CompensationServiceImplTest], using SpringBootContextLoader
2023-04-30 21:39:23.544  INFO 29432 --- [    Test worker] o.s.t.c.support.AbstractContextLoader    : Could not detect default resource locations for test class [com.mindex.challenge.service.impl.CompensationServiceImplTest]: no resource found for suffixes {-context.xml, Context.groovy}.
2023-04-30 21:39:23.544  INFO 29432 --- [    Test worker] t.c.s.AnnotationConfigContextLoaderUtils : Could not detect default configuration classes for test class [com.mindex.challenge.service.impl.CompensationServiceImplTest]: CompensationServiceImplTest does not declare any static, non-private, non-final, nested classes annotated with @Configuration.
2023-04-30 21:39:23.556  INFO 29432 --- [    Test worker] .b.t.c.SpringBootTestContextBootstrapper : Found @SpringBootConfiguration com.mindex.challenge.ChallengeApplication for test class com.mindex.challenge.service.impl.CompensationServiceImplTest
2023-04-30 21:39:23.557  INFO 29432 --- [    Test worker] .b.t.c.SpringBootTestContextBootstrapper : Loaded default TestExecutionListener class names from location [META-INF/spring.factories]: [org.springframework.boot.test.autoconfigure.restdocs.RestDocsTestExecutionListener, org.springframework.boot.test.autoconfigure.web.client.MockRestServiceServerResetTestExecutionListener, org.springframework.boot.test.autoconfigure.web.servlet.MockMvcPrintOnlyOnFailureTestExecutionListener, org.springframework.boot.test.autoconfigure.web.servlet.WebDriverTestExecutionListener, org.springframework.boot.test.mock.mockito.MockitoTestExecutionListener, org.springframework.boot.test.mock.mockito.ResetMocksTestExecutionListener, org.springframework.test.context.web.ServletTestExecutionListener, org.springframework.test.context.support.DirtiesContextBeforeModesTestExecutionListener, org.springframework.test.context.support.DependencyInjectionTestExecutionListener, org.springframework.test.context.support.DirtiesContextTestExecutionListener, org.springframework.test.context.transaction.TransactionalTestExecutionListener, org.springframework.test.context.jdbc.SqlScriptsTestExecutionListener, org.springframework.test.context.event.EventPublishingTestExecutionListener]
2023-04-30 21:39:23.557  INFO 29432 --- [    Test worker] .b.t.c.SpringBootTestContextBootstrapper : Using TestExecutionListeners: [org.springframework.test.context.web.ServletTestExecutionListener@3e9e4046, org.springframework.test.context.support.DirtiesContextBeforeModesTestExecutionListener@40fcf91e, org.springframework.boot.test.mock.mockito.MockitoTestExecutionListener@39554b45, org.springframework.boot.test.autoconfigure.SpringBootDependencyInjectionTestExecutionListener@5272c895, org.springframework.test.context.support.DirtiesContextTestExecutionListener@1e222eed, org.springframework.test.context.transaction.TransactionalTestExecutionListener@3931003e, org.springframework.test.context.jdbc.SqlScriptsTestExecutionListener@2a2d7b3e, org.springframework.test.context.event.EventPublishingTestExecutionListener@6edf388e, org.springframework.boot.test.autoconfigure.restdocs.RestDocsTestExecutionListener@610526fe, org.springframework.boot.test.autoconfigure.web.client.MockRestServiceServerResetTestExecutionListener@5004fa10, org.springframework.boot.test.autoconfigure.web.servlet.MockMvcPrintOnlyOnFailureTestExecutionListener@11319fa5, org.springframework.boot.test.autoconfigure.web.servlet.WebDriverTestExecutionListener@6bdce45, org.springframework.boot.test.mock.mockito.ResetMocksTestExecutionListener@4e473aba]

  .   ____          _            __ _ _
 /\\ / ___'_ __ _ _(_)_ __  __ _ \ \ \ \
( ( )\___ | '_ | '_| | '_ \/ _` | \ \ \ \
 \\/  ___)| |_)| | | | | || (_| |  ) ) ) )
  '  |____| .__|_| |_|_| |_\__, | / / / /
 =========|_|==============|___/=/_/_/_/
 :: Spring Boot ::        (v2.2.0.RELEASE)

2023-04-30 21:39:23.588  INFO 29432 --- [    Test worker] c.m.c.s.i.CompensationServiceImplTest    : Starting CompensationServiceImplTest on DESKTOP-QC3JVOS with PID 29432 (started by Evan in C:\Users\Evan\Desktop\mindex-java-code-challenge)
2023-04-30 21:39:23.588 DEBUG 29432 --- [    Test worker] c.m.c.s.i.CompensationServiceImplTest    : Running with Spring Boot v2.2.0.RELEASE, Spring v5.2.0.RELEASE
2023-04-30 21:39:23.588  INFO 29432 --- [    Test worker] c.m.c.s.i.CompensationServiceImplTest    : No active profile set, falling back to default profiles: default
2023-04-30 21:39:23.715  INFO 29432 --- [    Test worker] .s.d.r.c.RepositoryConfigurationDelegate : Bootstrapping Spring Data repositories in DEFAULT mode.
2023-04-30 21:39:23.721  INFO 29432 --- [    Test worker] .s.d.r.c.RepositoryConfigurationDelegate : Finished Spring Data repository scanning in 5ms. Found 2 repository interfaces.
2023-04-30 21:39:23.990  INFO 29432 --- [    Test worker] o.s.b.w.embedded.tomcat.TomcatWebServer  : Tomcat initialized with port(s): 0 (http)
2023-04-30 21:39:24.003  INFO 29432 --- [    Test worker] o.apache.catalina.core.StandardService   : Starting service [Tomcat]
2023-04-30 21:39:24.003  INFO 29432 --- [    Test worker] org.apache.catalina.core.StandardEngine  : Starting Servlet engine: [Apache Tomcat/9.0.27]
2023-04-30 21:39:24.141  INFO 29432 --- [    Test worker] o.a.c.c.C.[Tomcat].[localhost].[/]       : Initializing Spring embedded WebApplicationContext
2023-04-30 21:39:24.142  INFO 29432 --- [    Test worker] o.s.web.context.ContextLoader            : Root WebApplicationContext: initialization completed in 551 ms
2023-04-30 21:39:24.294  INFO 29432 --- [    Test worker] de.bwaldvogel.mongo.MongoServer          : started MongoServer(port: 58568, ssl: false)
2023-04-30 21:39:24.296  INFO 29432 --- [    Test worker] org.mongodb.driver.cluster               : Cluster created with settings {hosts=[127.0.0.1:58568], mode=SINGLE, requiredClusterType=UNKNOWN, serverSelectionTimeout='30000 ms', maxWaitQueueSize=500}
HERE
2023-04-30 21:39:24.297  INFO 29432 --- [    Test worker] org.mongodb.driver.cluster               : Cluster description not yet available. Waiting for 30000 ms before timing out
2023-04-30 21:39:24.300  INFO 29432 --- [-server-worker1] d.b.mongo.wire.MongoWireProtocolHandler  : client [id: 0xd21788ac, L:/127.0.0.1:58568 - R:/127.0.0.1:58569] connected
2023-04-30 21:39:24.308  INFO 29432 --- [127.0.0.1:58568] org.mongodb.driver.connection            : Opened connection [connectionId{localValue:3}] to 127.0.0.1:58568
2023-04-30 21:39:24.309  INFO 29432 --- [127.0.0.1:58568] org.mongodb.driver.cluster               : Monitor thread successfully connected to server with description ServerDescription{address=127.0.0.1:58568, type=STANDALONE, state=CONNECTED, ok=true, version=ServerVersion{versionList=[3, 6, 0]}, minWireVersion=0, maxWireVersion=6, maxDocumentSize=16777216, logicalSessionTimeoutMinutes=null, roundTripTimeNanos=583100}
2023-04-30 21:39:24.311  INFO 29432 --- [-server-worker2] d.b.mongo.wire.MongoWireProtocolHandler  : client [id: 0xce74ab72, L:/127.0.0.1:58568 - R:/127.0.0.1:58570] connected
2023-04-30 21:39:24.320  INFO 29432 --- [    Test worker] org.mongodb.driver.connection            : Opened connection [connectionId{localValue:4}] to 127.0.0.1:58568
2023-04-30 21:39:24.321  INFO 29432 --- [-server-worker2] d.b.mongo.backend.AbstractMongoBackend   : created database test
2023-04-30 21:39:24.327  WARN 29432 --- [    Test worker] o.s.data.convert.CustomConversions       : Registering converter from class java.time.LocalDateTime to class java.time.Instant as reading converter although it doesn't convert from a store-supported type! You might wanna check you annotation setup at the converter implementation.
2023-04-30 21:39:24.327  WARN 29432 --- [    Test worker] o.s.data.convert.CustomConversions       : Registering converter from class java.time.Instant to class java.time.LocalDateTime as reading converter although it doesn't convert from a store-supported type! You might wanna check you annotation setup at the converter implementation.
2023-04-30 21:39:24.328  WARN 29432 --- [    Test worker] o.s.data.convert.CustomConversions       : Registering converter from class java.time.LocalDateTime to class java.time.Instant as reading converter although it doesn't convert from a store-supported type! You might wanna check you annotation setup at the converter implementation.
2023-04-30 21:39:24.328  WARN 29432 --- [    Test worker] o.s.data.convert.CustomConversions       : Registering converter from class java.time.Instant to class java.time.LocalDateTime as reading converter although it doesn't convert from a store-supported type! You might wanna check you annotation setup at the converter implementation.
2023-04-30 21:39:24.341  INFO 29432 --- [    Test worker] m.c.i.MongoPersistentEntityIndexResolver : Found cycle for field '_id' in type 'Employee' for path 'directReports -> directReports'
2023-04-30 21:39:24.342  INFO 29432 --- [    Test worker] m.c.i.MongoPersistentEntityIndexResolver : Found cycle for field 'directReports' in type 'Employee' for path 'directReports -> directReports'
2023-04-30 21:39:24.387  INFO 29432 --- [-server-worker2] d.b.mongo.backend.AbstractMongoDatabase  : adding unique _id index for collection employee
2023-04-30 21:39:24.387  INFO 29432 --- [-server-worker2] d.b.mongo.backend.AbstractMongoDatabase  : created collection test.employee
2023-04-30 21:39:24.410  INFO 29432 --- [    Test worker] m.c.i.MongoPersistentEntityIndexResolver : Found cycle for field '_id' in type 'Employee' for path 'directReports -> directReports'
2023-04-30 21:39:24.411  INFO 29432 --- [    Test worker] m.c.i.MongoPersistentEntityIndexResolver : Found cycle for field 'directReports' in type 'Employee' for path 'directReports -> directReports'
2023-04-30 21:39:24.550  INFO 29432 --- [    Test worker] o.s.s.concurrent.ThreadPoolTaskExecutor  : Initializing ExecutorService 'applicationTaskExecutor'
2023-04-30 21:39:24.662  WARN 29432 --- [    Test worker] o.s.data.convert.CustomConversions       : Registering converter from class java.time.LocalDateTime to class java.time.Instant as reading converter although it doesn't convert from a store-supported type! You might wanna check you annotation setup at the converter implementation.
2023-04-30 21:39:24.663  WARN 29432 --- [    Test worker] o.s.data.convert.CustomConversions       : Registering converter from class java.time.Instant to class java.time.LocalDateTime as reading converter although it doesn't convert from a store-supported type! You might wanna check you annotation setup at the converter implementation.
2023-04-30 21:39:24.684  WARN 29432 --- [    Test worker] o.s.data.convert.CustomConversions       : Registering converter from class java.time.LocalDateTime to class java.time.Instant as reading converter although it doesn't convert from a store-supported type! You might wanna check you annotation setup at the converter implementation.
2023-04-30 21:39:24.685  WARN 29432 --- [    Test worker] o.s.data.convert.CustomConversions       : Registering converter from class java.time.Instant to class java.time.LocalDateTime as reading converter although it doesn't convert from a store-supported type! You might wanna check you annotation setup at the converter implementation.
2023-04-30 21:39:24.770  INFO 29432 --- [    Test worker] o.s.b.w.embedded.tomcat.TomcatWebServer  : Tomcat started on port(s): 58571 (http) with context path ''
2023-04-30 21:39:24.772  INFO 29432 --- [    Test worker] c.m.c.s.i.CompensationServiceImplTest    : Started CompensationServiceImplTest in 1.212 seconds (JVM running for 5.483)
2023-04-30 21:39:24.908  INFO 29432 --- [o-auto-1-exec-1] o.a.c.c.C.[Tomcat].[localhost].[/]       : Initializing Spring DispatcherServlet 'dispatcherServlet'
2023-04-30 21:39:24.908  INFO 29432 --- [o-auto-1-exec-1] o.s.web.servlet.DispatcherServlet        : Initializing Servlet 'dispatcherServlet'
2023-04-30 21:39:24.936  INFO 29432 --- [o-auto-1-exec-1] o.s.web.servlet.DispatcherServlet        : Completed initialization in 28 ms
2023-04-30 21:39:24.970 DEBUG 29432 --- [o-auto-1-exec-1] c.m.c.controller.CompensationController  : Received compensation request [com.mindex.challenge.data.Compensation@2de5f6ce]
2023-04-30 21:39:24.970 DEBUG 29432 --- [o-auto-1-exec-1] c.m.c.s.impl.CompensationServiceImpl     : Creating compensation for [com.mindex.challenge.data.Compensation@2de5f6ce]
2023-04-30 21:39:24.982  INFO 29432 --- [-server-worker2] d.b.mongo.backend.AbstractMongoDatabase  : adding unique _id index for collection compensation
2023-04-30 21:39:24.984  INFO 29432 --- [-server-worker2] d.b.mongo.backend.AbstractMongoDatabase  : created collection test.compensation
2023-04-30 21:39:25.014 DEBUG 29432 --- [o-auto-1-exec-3] c.m.c.controller.CompensationController  : Received compensation create request for id [16a596ae-edd3-4847-99fe-c4518e82c86f]
2023-04-30 21:39:25.014 DEBUG 29432 --- [o-auto-1-exec-3] c.m.c.s.impl.CompensationServiceImpl     : Reading compensation for [16a596ae-edd3-4847-99fe-c4518e82c86f]
]]></system-out>
  <system-err><![CDATA[]]></system-err>
</testsuite>
